61
ClassroomProv4
c1198 c641 c740 c679 c874 c920 c184 c664 c1324 c4 c736 c956 c963 c1198 c845 c701 c135 c212 c899 c212 c551 c675 c1383 c737 c1257 c107 c1285 c1105 c615 c845 c1194 c1308 c425 c320 c517 c491 c26 c1383 c960
ChromecastNextv2
c660 c192 c642 c754 c193 c1384 c708 c629 c592 c899 c1474 c1124 c419 c1049 c95 c121 c1194 c8 c1399 c135 c1292 c524 c808 c63 c1476 c668 c563 c491 c45 c1479 c1345 c1499 c185 c121 c15 c1058 c268 c824 c1353
ScholarXv7
c1128 c1125 c512 c1322 c1205 c179 c489 c856 c874 c198 c847 c44 c1074 c657 c1271 c1169 c1093 c1251 c531 c1083 c920 c1388 c1193 c956 c111 c987 c1193 c955 c677 c956 c1048 c1111
GameZv2
c533 c1198 c570 c1169 c708 c188 c587 c670 c1321 c850 c1170 c63 c1237 c1499 c641 c670 c1129 c1321 c343 c461 c527 c1124 c153 c1308 c1065 c907
ClassroomProv8
c313 c1382 c316 c653 c660 c1491 c144 c421 c1232 c61 c1145 c1297 c185 c1444 c676 c529 c1042 c901 c1125 c854 c755 c358
ReleaseMaxv8
c383 c1308 c313 c1321 c1144 c187 c1138 c411 c26 c833 c4 c442 c1285 c675 c588 c904 c531 c909 c953 c1442 c641 c953 c560 c1237 c40 c1234
TravelProv9
c1349 c1163 c1442 c1446 c708 c799 c858 c195 c367 c999 c161 c204 c122 c829 c1262 c167 c1046 c1094 c512 c44
AssistantSv6
c697 c1130 c31 c1130 c904 c551 c1257 c1161 c1205 c271 c375 c144 c215 c740 c608 c986 c26 c1440 c663 c666 c995 c1399 c499 c1253 c963 c574 c0 c949 c18 c167 c1042 c83 c1094 c701 c1383 c797 c188 c1183 c204 c812 c726 c499 c1205 c828 c587
LoggingUltrav4
c1042 c183 c326 c367 c1183 c388 c184 c760 c204 c955 c1456 c737 c574 c337 c1314 c531 c653 c326 c4 c1223 c856 c561 c499 c375 c920 c271 c95 c1452 c1057 c1295 c1110 c847 c859 c331 c137 c160 c1399 c261 c899
WearOSMaxv1
c326 c538 c889 c862 c570 c717 c962 c344 c960 c853 c787 c383 c1158 c666 c1197 c587 c341 c305 c845 c563 c1156 c563 c473 c1106 c1291 c905 c325 c558 c726 c1356 c1305 c522 c668 c1456 c1451 c1043 c529 c383 c168 c1348 c442 c1395 c618 c219 c20 c68 c294 c537 c702 c766 c179 c1424 c1434 c1187 c1449 c169 c1349 c578
MapsUltrav8
c83 c653 c198 c760 c840 c608 c44 c376 c235 c704 c1440 c1428 c322 c537 c123 c1158 c382 c663 c874 c200 c1093 c367 c852 c1295 c1434 c675 c1029 c657 c780 c12 c755 c375 c5 c830 c489 c368 c960 c813 c455 c331 c1440 c270 c1170 c453 c36 c12 c679 c18 c955 c624 c962 c962 c572 c533
ChromecastZv5
c697 c642 c1169 c670 c1310 c270 c852 c1398 c1134 c501 c215 c1079 c1170 c200 c95 c800 c608 c76 c1204 c1360 c73 c629 c851 c1243 c792 c0 c1124 c1324 c455 c343 c386 c111 c1116 c137 c632 c1067 c800 c847 c662 c1 c530
SheetsZv6
c1480 c662 c160 c145 c1125 c277 c1376 c839 c551 c378 c235 c512 c76 c1322 c524 c1105 c848 c1433 c135 c797 c30 c538 c982 c305 c592 c1438 c387 c938 c1488 c723 c1106 c97 c419 c830 c1433
ExploreZv2
c1195 c1376 c183 c429 c397 c802 c722 c192 c509 c939 c663 c341 c767 c368 c892 c122 c425 c245 c933 c442 c561 c949 c1071 c1138 c211 c76 c390 c1484 c240 c1130 c283 c1456 c212 c1067 c1257 c701 c999 c1490 c454 c991 c1075 c144 c697 c193 c843 c738 c11 c1305 c858 c1107 c511 c1110 c55 c283 c22 c1157 c642
AndroidSv7
c303 c800 c195 c1048 c1470 c333 c1349 c1049 c834 c788 c243 c599 c767 c1338 c1100 c1055 c111 c736 c1208 c882 c1027 c47 c726 c622 c1360
CastOSXv2
c167 c169 c376 c211 c215 c448 c791 c612 c945 c1238 c461 c592 c414 c107 c179 c790 c843 c1291 c589 c142 c966 c358
ChromeSv2
c105 c621 c1460 c515 c526 c1484 c441 c337 c1493 c1282 c848 c1232 c1171 c1428 c416 c813 c316 c755 c1446 c16 c779 c1027 c40 c333 c632 c436 c616 c12 c1398 c342 c1079 c638 c1235 c560 c744 c575 c842 c1484 c515 c1213 c0 c27 c829 c1423 c245 c761 c921 c621 c1158 c496 c1270 c46
ImagesSv4
c1096 c1096 c325 c448 c1385 c448 c1464 c928 c55 c986 c792 c878 c840 c702 c1439 c753 c574 c807 c11 c184 c145 c243 c588 c1081 c1270 c271 c183 c517 c219 c965 c1116 c1418 c622 c245 c908 c850 c527 c1065 c1251 c1039 c488 c1467 c1361 c1161 c1243 c1056 c162 c323 c963 c30 c1055 c892 c1138
BooksUltrav6
c801 c31 c1404 c1145 c1106 c808 c469 c1017 c909 c1122 c844 c501 c161 c953 c1086 c493 c834 c787 c859 c453 c424 c603 c1139 c1163 c1352 c710 c49 c806 c792 c120 c1310 c1182 c1076 c190 c1314 c686 c1277 c1350 c991 c710 c1434 c440 c1231 c780 c954 c1411 c23 c865 c935 c1465 c104 c1118 c555 c526 c1235 c544
BooksXv3
c1338 c1464 c1117 c1469 c1281 c666 c1384 c344 c1142 c409 c911 c804 c995 c1452 c1103 c162 c946 c722 c3 c107
AlertsZv3
c293 c198 c425 c20 c263 c518 c816 c1395 c313 c600 c1083 c96 c1194 c235 c473 c1098 c276 c1032 c1295 c537 c55 c1161
FormsProv2
c1029 c25 c1364 c943 c1142 c966 c739 c818 c403 c615 c334 c618 c1429 c1424 c477 c187 c1012 c299 c2 c114 c25 c1343
StreamXv2
c1056 c1282 c502 c1281 c1267 c489 c234 c625 c882 c1238 c319 c1352 c1491 c1424 c1142 c1013 c518 c189 c1414 c1043 c449 c540 c1152 c1460 c263 c401 c1185 c619 c140 c1183 c580 c910 c267 c1473 c657 c1013 c119 c1360 c407 c462 c977 c738 c51 c529 c92 c1439 c687 c674 c1315 c739 c1128 c833 c1363 c263 c716 c1246 c789 c508 c1307
StreamZv6
c1134 c496 c1459 c97 c584 c559 c287 c1397 c231 c1286 c1133 c824 c1384 c853 c2 c382 c515 c122 c850 c1152 c911 c504 c394 c1110 c1039 c1347 c742 c431 c1437 c776 c1320 c748 c1246 c123 c106 c1493 c1005 c96 c686 c842 c401 c1314 c627 c459 c21 c1240 c1368 c420 c1391 c589 c1269 c472 c780 c1344
FormsNextv5
c1102 c977 c909 c1157 c1127 c1229 c41 c1452 c591 c1073 c1139 c1231 c3 c470 c169 c764 c588 c219 c799 c1163 c967 c1449 c1156 c1256 c429 c1352 c1338 c889 c436 c1223 c1046 c991 c1385 c722 c664 c851 c1260 c343 c1065 c185 c828 c398 c1229 c1470 c1129 c491 c1049 c68 c1262 c1285 c1166 c615 c1251 c278 c339
SitesUltrav3
c851 c359 c137 c1310 c41 c231 c808 c664 c100 c165 c3 c1229 c63 c1315 c469 c1296 c779 c45 c316 c907 c1048 c1364 c145 c754 c1378 c334 c1490 c740 c22 c56 c729 c558 c1134 c153 c807 c1192 c333 c600 c932 c969 c829 c1081 c168 c580 c993 c1234 c1299
ConnectNextv4
c279 c786 c584 c1353 c27 c217 c1459 c1412 c1057 c1151 c45 c79 c1240 c553 c42 c1373 c1442 c467 c693 c635 c67 c118 c628 c1265 c1414 c22 c889 c415 c680 c978 c518 c509 c801 c1037 c349 c396 c725 c599 c483 c1013
PhotoZv5
c469 c93 c1382 c36 c18 c1237 c933 c747 c918 c193 c1316 c932 c945 c1080 c892 c1193 c358 c129 c527 c1462 c1064 c1408 c969 c498 c1343 c905 c1460 c1064 c1463 c252
SitesXv7
c1493 c949 c1232 c517 c72 c628 c337 c853 c394 c421 c1081 c293 c707 c632 c121 c414 c1043 c411 c1368 c987 c921 c999 c1175 c570
PixelMaxv2
c395 c1242 c511 c943 c174 c85 c1357 c1454 c1468 c126 c1244 c903 c539 c487 c1407 c1476 c315 c92 c150 c998 c933 c16 c919 c799 c894 c1324 c661 c473 c941 c69 c1459 c630 c1445 c918 c1071 c341 c1006 c1479 c1294 c415 c85 c445 c488
ReleaseZv9
c419 c677 c5 c543 c1254 c501 c572 c968 c1266 c427 c744 c561 c1473 c320 c1397 c834 c579 c573 c533 c621 c598 c589 c817 c603 c394 c96 c461 c388 c1062 c1105 c1316 c195 c1096 c268 c48 c1088 c429 c530 c1363 c754 c1433 c30 c1451 c236 c1046 c513 c41 c995 c1277
AndroidAutoUltrav1
c723 c197 c1027 c190 c445 c92 c1137 c52 c483 c1474 c1388 c1374 c824 c802 c361 c668 c932 c1245 c1423 c1244 c1439 c277 c294 c36 c612 c160 c1271 c466 c1174 c935 c950 c1204 c1214 c1076 c893 c1055 c1467
AndroidLitev9
c564 c693 c1281 c676 c908 c459 c907 c1353 c646 c731 c869 c1468 c1343 c390 c693 c1307 c83 c454 c514 c1157 c411 c1253 c294 c386 c1047 c29 c1071
LearnProv6
c864 c1074 c250 c390 c905 c1001 c987 c938 c634 c1296 c966 c202 c1372 c878 c48 c1385 c1058 c629 c498 c1033 c887 c1133 c662 c100 c231 c856 c1223 c372 c679 c964 c661 c775 c738 c488 c1051 c1361 c168 c434 c530 c1245 c1067 c97 c1 c1449 c1286 c325 c1395 c1292 c1418 c1347
ConnectUltrav5
c143 c1061 c586 c1462 c937 c81 c547 c1166 c346 c616 c1347 c434 c1150 c366 c240 c84 c51 c639 c403 c157 c1148 c1030 c1275 c91 c1016 c1286 c1021 c399 c210 c288
TranslateNextv9
c687 c470 c522 c1062 c208 c459 c1350 c1355 c1255 c449 c381 c75 c895 c1307 c900 c1333 c729 c342 c391 c134 c150 c788 c301 c967 c1172 c149 c477 c421 c1051
BloggerNextv6
c1293 c982 c979 c1127 c1098 c1480 c73 c935 c786 c233 c805 c1078 c38 c112 c747 c559 c860 c397 c572 c1028 c502 c908 c287 c1361 c1364 c673 c1287 c220 c898 c731 c352
ChromecastSv2
c319 c78 c1334 c1064 c945 c457 c291 c584 c900 c15 c1445 c1319 c1265 c1418 c689 c268 c712 c1284 c147 c660 c1100 c626 c689 c483 c11 c440 c1167 c228 c809 c150 c1345 c1111 c413 c826 c255 c228 c612 c51 c1345 c478 c1411 c105 c526 c56 c525 c1490 c802 c1256 c1414 c165 c1445
DatasetSearchNextv3
c130 c732 c536 c967 c243 c1155 c16 c535 c959 c1435 c444 c106 c298 c200 c600 c606 c1329 c1319 c1423 c583 c887 c203 c810 c416 c220 c1167 c350 c1201 c869 c593 c586 c1240 c1061 c1060 c1298
PatentsLitev7
c46 c369 c1242 c1097 c1471 c651 c159 c1381 c934 c1197 c1084 c634 c718 c1139 c370 c431 c528 c1267 c1302 c110 c714 c556 c1391 c163 c875 c813 c372 c545 c408 c1287 c101 c139 c250 c866 c65 c1380 c645 c493 c400 c402 c1212 c1061 c1094 c1187 c1109 c1091 c913 c1195
SlidesZv6
c1322 c513 c153 c351 c161 c891 c1016 c1487 c1032 c42 c1398 c376 c388 c278 c1333 c1083 c13 c310 c1270 c1217 c1191 c234 c355 c744 c303 c99 c1156 c379 c1144 c854 c524 c507 c1015 c1471 c1075 c1218 c603 c82 c320 c1318 c277
PatentsLitev8
c409 c1088 c339 c322 c590 c173 c863 c225 c386 c782 c865 c422 c426 c346 c626 c680 c788 c1318 c699 c599 c1023 c1182 c1023 c864 c1333 c1444 c1021 c625 c628 c46 c1173 c821 c220 c846 c1 c1036 c1127 c171 c852 c120 c880 c331 c737 c842 c1059 c624 c323 c407 c162
CurrentsXv5
c782 c1483 c59 c821 c541 c712 c398 c789 c1057 c457 c1235 c1182 c94 c479 c1145 c1039 c47 c1029 c424 c1226 c557 c1191 c725 c597 c1300 c521 c1491 c279 c1390 c860 c470 c640 c1299 c627 c330
NewsZv4
c1405 c598 c855 c704 c1107 c289 c626 c244 c118 c225 c468 c578 c238 c954 c458 c1470 c879 c217 c616 c712 c752 c818 c56 c155 c672 c992 c355 c334 c396 c40 c1213 c876 c855 c1337 c1214 c1151 c307 c259 c826 c361 c1287 c756 c776 c1080 c272 c1376 c141 c690 c441 c19
ShoppingUltrav8
c60 c1099 c1045 c412 c106 c1222 c840 c490 c843 c1091 c1320 c781 c1020 c928 c1022 c462 c224 c1056 c1488 c1480 c439 c1111 c1224 c878 c559 c1107
MarsProv2
c1218 c58 c640 c939 c188 c558 c414 c230 c48 c1079 c72 c791 c538 c374 c950 c625 c952 c455 c259 c622 c970 c795 c812 c1118 c707 c1252 c1247 c854 c848 c274 c552 c763 c959 c1348
PhotoNextv6
c680 c586 c795 c1268 c859 c382 c893 c728 c556 c1379 c548 c862 c400 c1451 c1283 c1104 c1234 c1075 c986 c223 c1406
LoggingUltrav9
c939 c1034 c236 c1358 c977 c391 c466 c783 c980 c1483 c1252 c1231 c1078 c232 c123 c1377 c652 c69 c381 c1004
StreamUltrav2
c42 c400 c944 c828 c981 c1149 c238 c931 c673 c638 c1317 c1180 c1040 c985 c1393 c1315 c714 c580 c32 c767 c409 c1316 c553 c1191 c1166 c203 c273 c875 c1103 c1325 c830 c1336 c1432 c1313 c90 c197 c1435 c24 c950 c669 c20 c649 c677 c1381 c368 c1290
MapsLitev1
c1391 c192 c361 c1304 c650 c453 c467 c1476 c704 c318 c583 c548 c348 c947 c699 c1478 c1093 c764 c502 c575 c57 c866 c1171
MapsZv4
c1298 c445 c1407 c1250 c305 c270 c996 c1419 c1230 c1150 c778 c1354 c1329 c1209 c1184 c380 c1438 c478 c496 c1062 c267 c1357 c1260 c876 c819 c230 c1152 c1444 c923 c1238 c647 c87 c827 c1217 c946 c650 c803 c835 c23
FinanceLitev1
c1100 c100 c901 c898 c560 c1386 c443 c1337 c1397 c2 c816 c751 c682 c170 c94 c602 c142 c557 c1479 c1187 c1114 c540 c208 c978 c1216 c147 c163 c825 c793 c203 c893 c75 c766 c274
NewsXv4
c299 c1172 c872 c810 c858 c1394 c322 c1208 c1126 c1098 c49 c881 c1001 c1101 c1280 c769 c879 c1040 c1073 c833 c779 c811 c70 c454 c733 c1197 c631 c719 c10 c444 c86 c647 c202 c1218 c475 c523 c557 c776 c99 c1078
AndroidSv3
c519 c43 c1102 c791 c1461 c353 c904 c266 c172 c73 c631 c681 c218 c797 c583 c155 c547 c1050 c591 c155 c1230 c223 c871 c1292 c768 c255 c395 c77 c1116 c279 c415 c65 c495 c639 c556 c1037 c817 c546 c1280 c255 c1060 c812 c1478 c891 c954 c21 c816 c276
SearchSv2
c576 c259 c835 c1266 c1087 c1344 c197 c1262 c644 c218 c1242 c494 c194 c351 c698 c911 c1380 c380 c654 c1104 c739 c1196 c1028 c148 c688 c1074 c1137 c532 c479 c989 c997 c1021 c965 c713 c458 c1457 c875 c1012 c490 c1437 c102 c1250 c898 c353 c66 c617 c1420 c1351 c1323
CalendarProv8
c1264 c994 c1299 c1224 c826 c1411 c940 c970 c1499 c1252 c264 c115 c1288 c648 c1381 c795 c1102 c1279 c733 c539 c996
FlightsSv2
c817 c736 c32 c1033 c401 c65 c329 c714 c1413 c327 c291 c1403 c344 c1143 c1371 c1201 c713 c928 c1268 c324 c1036 c1264 c1276 c159 c1204 c690 c211 c839 c942 c1409 c1437 c378 c1410 c91 c424 c1325 c961 c1406 c1378 c1155 c171 c1309 c1279 c1268 c790 c416 c174 c723
StadiaProv2
c1045 c925 c43 c116 c170 c1432 c881 c980 c929 c432 c1335 c248 c1149 c731 c536 c10 c1179 c944 c713 c54 c1053 c125 c464 c887 c289 c513 c573 c1174 c545
OsZv8
c654 c1370 c1481 c355 c1019 c460 c770 c729 c554 c446 c88 c249 c924 c1441 c1028 c992 c947 c114 c525 c804 c173 c156 c306 c543 c579 c1319 c208 c427 c47 c229 c1464 c1469 c1317 c261 c158 c1266 c730 c1226 c1317 c585 c157 c61 c982 c936 c443 c385 c298 c1168 c879 c718 c1283 c1005 c846 c1082 c682 c1175
DriveNextv5
c1164 c1351 c43 c1415 c1035 c768 c405 c266 c1066 c462 c957 c540 c284 c441 c253 c112 c154 c391 c171 c762 c476 c156 c1224 c645 c769 c649 c1492 c27 c1025 c1410 c837 c781 c656 c924
WearOSProv5
c692 c1482 c1332 c1173 c1435 c354 c742 c369 c1465 c370 c437 c1312 c1219 c1400 c884 c667 c611 c216 c1162 c1404 c1273 c1367 c771
