335
p9020
c266 c47 c485 c430 c119
p2023
c765
p2329
c2 c298 c621 c91 c667
p9298
c219 c175 c402 c642 c741
p8958
c15 c7 c88 c49 c102 c377 c698
p8989
c535 c768
p4549
c183 c292
p4891
c296 c787 c734
p1339
c703
p1856
c762 c283
p3550
c588
p4959
c436 c677 c676 c305 c178
p5344
c534 c367 c368 c208 c755 c353 c186 c203 c312 c147
p3210
c797 c5 c604 c678 c396 c337 c130 c526
p8645
c715 c350 c326 c712 c745
p9772
c567 c76 c193 c294 c99 c323 c694
p5133
c673
p752
c721 c655 c561 c766 c195 c321 c630 c278
p9207
c26 c103 c497
p6350
c769 c595 c105 c212 c233
p8265
c301
p1614
c700 c159 c258
p7078
c42 c508 c639 c720
p4838
c327 c110 c729 c342 c184 c781
p3857
c537 c213 c188
p3553
c456 c574 c223
p9080
c470
p5361
c684 c551 c142
p322
c788 c358 c662
p8643
c647 c274
p7655
c369 c462 c420 c517 c21
p2452
c62 c101 c264
p4076
c176
p7769
c303 c556
p8694
c155 c50
p4934
c471 c427 c123 c629 c229 c764 c299 c780
p7335
c707
p7651
c249
p9807
c514 c277 c719 c570 c782
p225
c498
p7772
c628 c404 c577 c706
p6732
c455 c12 c315 c168 c547
p828
c779 c302 c280 c252 c748
p1167
c341 c640
p5076
c332 c477 c354
p5092
c165
p678
c234 c30 c59
p7420
c224
p6156
c596 c383
p3605
c205
p3498
c467 c174 c242 c623 c238 c622 c614 c114
p6815
c394 c331 c235 c43 c749 c225 c81 c417
p3405
c505
p8577
c285
p2103
c575 c200
p3619
c228 c154 c725 c180
p8646
c634 c157 c464 c260
p6186
c400 c791
p9069
c95 c475
p3833
c459
p3522
c244 c82
p522
c262 c476
p6714
c589 c196
p3017
c160
p2282
c359 c387 c140 c465 c796
p3776
c553 c690 c10
p1731
c457
p4135
c717
p7222
c744 c446 c281 c361 c291 c606 c172 c426
p4686
c587 c581 c156 c33
p8981
c307
p7296
c670
p9976
c758 c724 c87 c92 c376
p629
c531 c450 c345 c650 c132 c496
p4009
c682
p5369
c586
p3034
c532
p3390
c246 c636 c543 c681 c308 c501 c197 c489
p5450
c419 c107
p6126
c479
p1057
c594 c293 c391
p6194
c572 c474 c248
p6643
c454
p9743
c375 c111 c798
p392
c743 c352 c217
p5054
c191
p8920
c207
p4066
c371
p2004
c518
p5885
c687 c199 c263 c41
p6404
c28 c287 c716
p3785
c206 c659
p3937
c493
p6440
c324 c750
p5780
c127 c418
p9294
c611 c602
p1026
c399
p2561
c363 c458
p8084
c80
p8604
c416
p3106
c463 c362
p2223
c389
p5320
c679 c699 c774
p4846
c509
p9110
c481
p8720
c666 c122 c24
p3682
c290 c615
p1041
c739 c468 c349 c735 c374
p1712
c632
p9779
c548
p8098
c117 c316
p3703
c166
p9096
c317 c558 c524
p1205
c770 c380
p422
c373
p1468
c4
p683
c36
p2169
c106
p1506
c226
p460
c135
p6608
c289
p6993
c693
p2752
c631 c286
p6686
c384 c131
p3132
c562 c672
p1992
c732 c633
p4760
c411 c613 c48 c784
p3763
c661 c382 c460 c45
p4555
c222 c576
p104
c538 c608
p9725
c83 c790
p1009
c68 c407
p9529
c664 c503
p3664
c398 c756
p7354
c356 c492
p8183
c71 c533 c431 c173
p5127
c736 c671
p9837
c16 c616
p8471
c19 c414 c408 c710
p5840
c344 c742
p1000
c511 c584
p2260
c0 c536 c284 c783
p3234
c778 c192
p1833
c44 c14
p2980
c733 c568
p4124
c727 c179
p8397
c432 c685
p5267
c401 c695
p6077
c333 c692
p1728
c775 c239
p2343
c72 c56
p7102
c113 c578
p5870
c424 c161
p2798
c318 c409
p6213
c625 c550
p9021
c461 c319 c306 c202
p6112
c429 c757
p342
c386 c256
p5665
c209 c753
p9322
c25 c63
p2008
c276 c152
p4730
c243 c182
p3701
c220 c104
p2531
c761 c746
p4057
c607 c794
p7163
c144 c257
p155
c395
p9974
c60
p6106
c39
p8508
c52
p8715
c79
p3243
c330
p8648
c393 c571 c696
p3361
c415
p7602
c738 c545
p7364
c314 c90
p4402
c365 c403
p8392
c530
p7020
c329
p5980
c469 c143
p7877
c158 c789 c134
p675
c320
p442
c772 c529
p7896
c268 c125
p6088
c40
p2528
c773
p4738
c799
p3043
c247
p6583
c385
p9849
c379
p5680
c339 c58 c116
p1379
c649
p3551
c421
p4340
c579
p1122
c559
p5649
c297
p5636
c425
p4407
c599
p1298
c198 c232 c646 c338 c555 c654
p6286
c502
p8826
c51
p8193
c697
p880
c447
p4898
c564 c211 c77 c777
p5346
c22 c100 c495
p185
c153 c412
p1782
c449
p5769
c592
p6548
c674 c23
p9897
c472
p4437
c270
p3628
c325
p9945
c702
p3100
c360 c355 c378
p7152
c75
p4100
c714
p2232
c618
p2594
c120
p311
c691
p3828
c541 c181
p7429
c410
p4002
c544
p3961
c390 c480
p8571
c13
p8090
c370
p4298
c747 c652 c542
p7126
c340 c473
p2662
c683
p4609
c108
p6037
c494
p7168
c515
p3061
c728
p136
c657
p183
c510
p5986
c84
p5193
c67
p6494
c151
p4284
c641
p5903
c27
p9169
c483 c499
p9740
c635 c189
p4685
c405 c381
p1039
c731
p4985
c267
p2272
c218
p6046
c540
p3912
c271
p8211
c619 c513
p4663
c351 c441 c434
p2595
c718
p1467
c792
p6244
c164
p6874
c93
p4965
c445
p247
c528 c680
p8004
c786 c237
p9518
c269
p8962
c626
p3506
c85
p6169
c34
p7206
c507
p5164
c437
p6387
c372
p875
c793
p1001
c669
p8074
c6
p3088
c261
p9378
c605
p2159
c185
p7259
c115
p3348
c730 c8
p9472
c663
p782
c484
p7431
c66
p9489
c658
p7674
c304
p8338
c585 c711
p6917
c310
p7914
c610
p3395
c97
p5042
c57
p962
c177 c612
p8584
c653
p5495
c689
p2107
c627 c236 c170
p5154
c78
p4623
c527
p8298
c443
p7850
c433 c18 c423
p197
c448
p7344
c466
p5888
c275
p8038
c565
p7549
c726
p9193
c65
p8387
c438
p3589
c708
p7779
c656
p4754
c259 c519
p6751
c73
p5545
c138
p7111
c347
p4269
c486
p5871
c118
p5128
c620
p3544
c61
p6974
c546 c440
p9139
c109
p4276
c98
p597
c148
p7776
c146
p7443
c491
p2325
c573
p3865
c482 c20
p7474
c150
p6560
c129
p5850
c31 c785
p6062
c660
p2209
c137
p7803
c675
p6522
c442 c53
p3360
c313
p44
c487 c705
p4819
c490
p5219
c723
p4342
c55
p9749
c311
p1389
c94
p80
c163
p3174
c86
p6377
c11
p6825
c35
p3208
c201
p7323
c776
p2592
c279
